#
# There is insufficient memory for the Java Runtime Environment to continue.
# Native memory allocation (malloc) failed to allocate 1048576 bytes for AllocateHeap
# Possible reasons:
#   The system is out of physical RAM or swap space
#   The process is running with CompressedOops enabled, and the Java Heap may be blocking the growth of the native heap
# Possible solutions:
#   Reduce memory load on the system
#   Increase physical memory or swap space
#   Check if swap backing store is full
#   Decrease Java heap size (-Xmx/-Xms)
#   Decrease number of Java threads
#   Decrease Java thread stack sizes (-Xss)
#   Set larger code cache with -XX:ReservedCodeCacheSize=
#
#  , pid=13028
# 
V  [jvm.dll+0x77e085]
V  [jvm.dll+0x77f5dd]
V  [jvm.dll+0x77fbf5]
V  [jvm.dll+0x77fbab]
V  [jvm.dll+0x5f7898]
V  [jvm.dll+0x5f8028]
C  [ntdll.dll+0xa1fff]
C  [ntdll.dll+0x6aad9]
C  [ntdll.dll+0xa0c6e]
C  0x000001dd50950f2d

VM_Operation (0x000000d58f0fe160): CollectForMetadataAllocation, mode: safepoint, requested by thread 0x000001dd4b510000


---------------  P R O C E S S  ---------------

Threads class SMR info:
_java_thread_list=0x000001dd67ab1e50, length=10, elements={
0x000001dd4b510000, 0x000001dd670ba000, 0x000001dd670da000, 0x000001dd6794e800,
0x000001dd6794f800, 0x000001dd67952800, 0x000001dd67956800, 0x000001dd679b6000,
0x000001dd670ec800, 0x000001dd67ad3800
}

Java Threads: ( => current thread )
  0x000001dd4b510000 JavaThread "main" [_thread_blocked, id=9264, stack(0x000000d58f000000,0x000000d58f100000)]
  0x000001dd670ba000 JavaThread "Reference Handler" daemon [_thread_blocked, id=13844, stack(0x000000d58f700000,0x000000d58f800000)]
  0x000001dd670da000 JavaThread "Finalizer" daemon [_thread_blocked, id=9888, stack(0x000000d58f800000,0x000000d58f900000)]
  0x000001dd6794e800 JavaThread "Signal Dispatcher" daemon [_thread_blocked, id=9440, stack(0x000000d58f900000,0x000000d58fa00000)]
  0x000001dd6794f800 JavaThread "Attach Listener" daemon [_thread_blocked, id=9764, stack(0x000000d58fa00000,0x000000d58fb00000)]
  0x000001dd67952800 JavaThread "Service Thread" daemon [_thread_blocked, id=13112, stack(0x000000d58fb00000,0x000000d58fc00000)]
  0x000001dd67956800 JavaThread "C2 CompilerThread0" daemon [_thread_blocked, id=8144, stack(0x000000d58fc00000,0x000000d58fd00000)]
  0x000001dd679b6000 JavaThread "C1 CompilerThread0" daemon [_thread_blocked, id=3496, stack(0x000000d58fd00000,0x000000d58fe00000)]
  0x000001dd670ec800 JavaThread "Sweeper thread" daemon [_thread_blocked, id=13308, stack(0x000000d58fe00000,0x000000d58ff00000)]
  0x000001dd67ad3800 JavaThread "Common-Cleaner" daemon [_thread_blocked, id=1560, stack(0x000000d590000000,0x000000d590100000)]

Other Threads:
=>0x000001dd67095000 VMThread "VM Thread" [stack: 0x000000d58f600000,0x000000d58f700000] [id=13104]
  0x000001dd67aba000 WatcherThread [stack: 0x000000d58ff00000,0x000000d590000000] [id=8688]
  0x000001dd4b529800 GCTaskThread "GC Thread#0" [stack: 0x000000d58f100000,0x000000d58f200000] [id=1928]
  0x000001dd67ceb800 GCTaskThread "GC Thread#1" [stack: 0x000000d590100000,0x000000d590200000] [id=14288]
  0x000001dd67ad2800 GCTaskThread "GC Thread#2" [stack: 0x000000d590200000,0x000000d590300000] [id=9684]
  0x000001dd4b559000 ConcurrentGCThread "G1 Main Marker" [stack: 0x000000d58f200000,0x000000d58f300000] [id=10216]
  0x000001dd4b55a800 ConcurrentGCThread "G1 Conc#0" [stack: 0x000000d58f300000,0x000000d58f400000] [id=14300]
  0x000001dd4b5de800 ConcurrentGCThread "G1 Refine#0" [stack: 0x000000d58f400000,0x000000d58f500000] [id=12176]
  0x000001dd66f02800 ConcurrentGCThread "G1 Young RemSet Sampling" [stack: 0x000000d58f500000,0x000000d58f600000] [id=4196]

Threads with active compile tasks:

VM state:at safepoint (normal execution)

VM Mutex/Monitor currently owned by a thread:  ([mutex/lock_event])
[0x000001dd4b50c220] Threads_lock - owner thread: 0x000001dd67095000
[0x000001dd4b50b890] Heap_lock - owner thread: 0x000001dd4b510000

Heap address: 0x0000000081a00000, size: 2022 MB, Compressed Oops mode: 32-bit
Narrow klass base: 0x0000000000000000, Narrow klass shift: 3
Compressed class space size: 1073741824 Address: 0x0000000100000000

Heap:
 garbage-first heap   total 131072K, used 1780K [0x0000000081a00000, 0x0000000100000000)
  region size 1024K, 2 young (2048K), 2 survivors (2048K)
 Metaspace       used 7973K, capacity 8149K, committed 8320K, reserved 1079296K
  class space    used 730K, capacity 775K, committed 896K, reserved 1048576K
Heap Regions: E=young(eden), S=young(survivor), O=old, HS=humongous(starts), HC=humongous(continues), CS=collection set, F=free, A=archive, TAMS=top-at-mark-start (previous, next)
|   0|0x0000000081a00000, 0x0000000081a00000, 0x0000000081b00000|  0%| F|  |TAMS 0x0000000081a00000, 0x0000000081a00000| Untracked 
|   1|0x0000000081b00000, 0x0000000081b00000, 0x0000000081c00000|  0%| F|  |TAMS 0x0000000081b00000, 0x0000000081b00000| Untracked 
|   2|0x0000000081c00000, 0x0000000081c00000, 0x0000000081d00000|  0%| F|  |TAMS 0x0000000081c00000, 0x0000000081c00000| Untracked 
|   3|0x0000000081d00000, 0x0000000081d00000, 0x0000000081e00000|  0%| F|  |TAMS 0x0000000081d00000, 0x0000000081d00000| Untracked 
|   4|0x0000000081e00000, 0x0000000081e00000, 0x0000000081f00000|  0%| F|  |TAMS 0x0000000081e00000, 0x0000000081e00000| Untracked 
|   5|0x0000000081f00000, 0x0000000081f00000, 0x0000000082000000|  0%| F|  |TAMS 0x0000000081f00000, 0x0000000081f00000| Untracked 
|   6|0x0000000082000000, 0x0000000082000000, 0x0000000082100000|  0%| F|  |TAMS 0x0000000082000000, 0x0000000082000000| Untracked 
|   7|0x0000000082100000, 0x0000000082100000, 0x0000000082200000|  0%| F|  |TAMS 0x0000000082100000, 0x0000000082100000| Untracked 
|   8|0x0000000082200000, 0x0000000082200000, 0x0000000082300000|  0%| F|  |TAMS 0x0000000082200000, 0x0000000082200000| Untracked 
|   9|0x0000000082300000, 0x0000000082300000, 0x0000000082400000|  0%| F|  |TAMS 0x0000000082300000, 0x0000000082300000| Untracked 
|  10|0x0000000082400000, 0x0000000082400000, 0x0000000082500000|  0%| F|  |TAMS 0x0000000082400000, 0x0000000082400000| Untracked 
|  11|0x0000000082500000, 0x0000000082500000, 0x0000000082600000|  0%| F|  |TAMS 0x0000000082500000, 0x0000000082500000| Untracked 
|  12|0x0000000082600000, 0x0000000082600000, 0x0000000082700000|  0%| F|  |TAMS 0x0000000082600000, 0x0000000082600000| Untracked 
|  13|0x0000000082700000, 0x0000000082700000, 0x0000000082800000|  0%| F|  |TAMS 0x0000000082700000, 0x0000000082700000| Untracked 
|  14|0x0000000082800000, 0x0000000082800000, 0x0000000082900000|  0%| F|  |TAMS 0x0000000082800000, 0x0000000082800000| Untracked 
|  15|0x0000000082900000, 0x0000000082900000, 0x0000000082a00000|  0%| F|  |TAMS 0x0000000082900000, 0x0000000082900000| Untracked 
|  16|0x0000000082a00000, 0x0000000082a00000, 0x0000000082b00000|  0%| F|  |TAMS 0x0000000082a00000, 0x0000000082a00000| Untracked 
|  17|0x0000000082b00000, 0x0000000082b00000, 0x0000000082c00000|  0%| F|  |TAMS 0x0000000082b00000, 0x0000000082b00000| Untracked 
|  18|0x0000000082c00000, 0x0000000082c00000, 0x0000000082d00000|  0%| F|  |TAMS 0x0000000082c00000, 0x0000000082c00000| Untracked 
|  19|0x0000000082d00000, 0x0000000082d00000, 0x0000000082e00000|  0%| F|  |TAMS 0x0000000082d00000, 0x0000000082d00000| Untracked 
|  20|0x0000000082e00000, 0x0000000082e00000, 0x0000000082f00000|  0%| F|  |TAMS 0x0000000082e00000, 0x0000000082e00000| Untracked 
|  21|0x0000000082f00000, 0x0000000082f00000, 0x0000000083000000|  0%| F|  |TAMS 0x0000000082f00000, 0x0000000082f00000| Untracked 
|  22|0x0000000083000000, 0x0000000083000000, 0x0000000083100000|  0%| F|  |TAMS 0x0000000083000000, 0x0000000083000000| Untracked 
|  23|0x0000000083100000, 0x0000000083100000, 0x0000000083200000|  0%| F|  |TAMS 0x0000000083100000, 0x0000000083100000| Untracked 
|  24|0x0000000083200000, 0x0000000083200000, 0x0000000083300000|  0%| F|  |TAMS 0x0000000083200000, 0x0000000083200000| Untracked 
|  25|0x0000000083300000, 0x0000000083300000, 0x0000000083400000|  0%| F|  |TAMS 0x0000000083300000, 0x0000000083300000| Untracked 
|  26|0x0000000083400000, 0x0000000083400000, 0x0000000083500000|  0%| F|  |TAMS 0x0000000083400000, 0x0000000083400000| Untracked 
|  27|0x0000000083500000, 0x0000000083500000, 0x0000000083600000|  0%| F|  |TAMS 0x0000000083500000, 0x0000000083500000| Untracked 
|  28|0x0000000083600000, 0x0000000083600000, 0x0000000083700000|  0%| F|  |TAMS 0x0000000083600000, 0x0000000083600000| Untracked 
|  29|0x0000000083700000, 0x0000000083700000, 0x0000000083800000|  0%| F|  |TAMS 0x0000000083700000, 0x0000000083700000| Untracked 
|  30|0x0000000083800000, 0x0000000083800000, 0x0000000083900000|  0%| F|  |TAMS 0x0000000083800000, 0x0000000083800000| Untracked 
|  31|0x0000000083900000, 0x0000000083900000, 0x0000000083a00000|  0%| F|  |TAMS 0x0000000083900000, 0x0000000083900000| Untracked 
|  32|0x0000000083a00000, 0x0000000083a00000, 0x0000000083b00000|  0%| F|  |TAMS 0x0000000083a00000, 0x0000000083a00000| Untracked 
|  33|0x0000000083b00000, 0x0000000083b00000, 0x0000000083c00000|  0%| F|  |TAMS 0x0000000083b00000, 0x0000000083b00000| Untracked 
|  34|0x0000000083c00000, 0x0000000083c00000, 0x0000000083d00000|  0%| F|  |TAMS 0x0000000083c00000, 0x0000000083c00000| Untracked 
|  35|0x0000000083d00000, 0x0000000083d00000, 0x0000000083e00000|  0%| F|  |TAMS 0x0000000083d00000, 0x0000000083d00000| Untracked 
|  36|0x0000000083e00000, 0x0000000083e00000, 0x0000000083f00000|  0%| F|  |TAMS 0x0000000083e00000, 0x0000000083e00000| Untracked 
|  37|0x0000000083f00000, 0x0000000083f00000, 0x0000000084000000|  0%| F|  |TAMS 0x0000000083f00000, 0x0000000083f00000| Untracked 
|  38|0x0000000084000000, 0x0000000084000000, 0x0000000084100000|  0%| F|  |TAMS 0x0000000084000000, 0x0000000084000000| Untracked 
|  39|0x0000000084100000, 0x0000000084100000, 0x0000000084200000|  0%| F|  |TAMS 0x0000000084100000, 0x0000000084100000| Untracked 
|  40|0x0000000084200000, 0x0000000084200000, 0x0000000084300000|  0%| F|  |TAMS 0x0000000084200000, 0x0000000084200000| Untracked 
|  41|0x0000000084300000, 0x0000000084300000, 0x0000000084400000|  0%| F|  |TAMS 0x0000000084300000, 0x0000000084300000| Untracked 
|  42|0x0000000084400000, 0x0000000084400000, 0x0000000084500000|  0%| F|  |TAMS 0x0000000084400000, 0x0000000084400000| Untracked 
|  43|0x0000000084500000, 0x0000000084500000, 0x0000000084600000|  0%| F|  |TAMS 0x0000000084500000, 0x0000000084500000| Untracked 
|  44|0x0000000084600000, 0x0000000084600000, 0x0000000084700000|  0%| F|  |TAMS 0x0000000084600000, 0x0000000084600000| Untracked 
|  45|0x0000000084700000, 0x0000000084700000, 0x0000000084800000|  0%| F|  |TAMS 0x0000000084700000, 0x0000000084700000| Untracked 
|  46|0x0000000084800000, 0x0000000084800000, 0x0000000084900000|  0%| F|  |TAMS 0x0000000084800000, 0x0000000084800000| Untracked 
|  47|0x0000000084900000, 0x0000000084900000, 0x0000000084a00000|  0%| F|  |TAMS 0x0000000084900000, 0x0000000084900000| Untracked 
|  48|0x0000000084a00000, 0x0000000084a00000, 0x0000000084b00000|  0%| F|  |TAMS 0x0000000084a00000, 0x0000000084a00000| Untracked 
|  49|0x0000000084b00000, 0x0000000084b00000, 0x0000000084c00000|  0%| F|  |TAMS 0x0000000084b00000, 0x0000000084b00000| Untracked 
|  50|0x0000000084c00000, 0x0000000084c00000, 0x0000000084d00000|  0%| F|  |TAMS 0x0000000084c00000, 0x0000000084c00000| Untracked 
|  51|0x0000000084d00000, 0x0000000084d00000, 0x0000000084e00000|  0%| F|  |TAMS 0x0000000084d00000, 0x0000000084d00000| Untracked 
|  52|0x0000000084e00000, 0x0000000084e00000, 0x0000000084f00000|  0%| F|  |TAMS 0x0000000084e00000, 0x0000000084e00000| Untracked 
|  53|0x0000000084f00000, 0x0000000084f00000, 0x0000000085000000|  0%| F|  |TAMS 0x0000000084f00000, 0x0000000084f00000| Untracked 
|  54|0x0000000085000000, 0x0000000085000000, 0x0000000085100000|  0%| F|  |TAMS 0x0000000085000000, 0x0000000085000000| Untracked 
|  55|0x0000000085100000, 0x0000000085100000, 0x0000000085200000|  0%| F|  |TAMS 0x0000000085100000, 0x0000000085100000| Untracked 
|  56|0x0000000085200000, 0x0000000085200000, 0x0000000085300000|  0%| F|  |TAMS 0x0000000085200000, 0x0000000085200000| Untracked 
|  57|0x0000000085300000, 0x0000000085300000, 0x0000000085400000|  0%| F|  |TAMS 0x0000000085300000, 0x0000000085300000| Untracked 
|  58|0x0000000085400000, 0x0000000085400000, 0x0000000085500000|  0%| F|  |TAMS 0x0000000085400000, 0x0000000085400000| Untracked 
|  59|0x0000000085500000, 0x0000000085500000, 0x0000000085600000|  0%| F|  |TAMS 0x0000000085500000, 0x0000000085500000| Untracked 
|  60|0x0000000085600000, 0x0000000085600000, 0x0000000085700000|  0%| F|  |TAMS 0x0000000085600000, 0x0000000085600000| Untracked 
|  61|0x0000000085700000, 0x0000000085700000, 0x0000000085800000|  0%| F|  |TAMS 0x0000000085700000, 0x0000000085700000| Untracked 
|  62|0x0000000085800000, 0x0000000085800000, 0x0000000085900000|  0%| F|  |TAMS 0x0000000085800000, 0x0000000085800000| Untracked 
|  63|0x0000000085900000, 0x0000000085900000, 0x0000000085a00000|  0%| F|  |TAMS 0x0000000085900000, 0x0000000085900000| Untracked 
|  64|0x0000000085a00000, 0x0000000085a00000, 0x0000000085b00000|  0%| F|  |TAMS 0x0000000085a00000, 0x0000000085a00000| Untracked 
|  65|0x0000000085b00000, 0x0000000085b00000, 0x0000000085c00000|  0%| F|  |TAMS 0x0000000085b00000, 0x0000000085b00000| Untracked 
|  66|0x0000000085c00000, 0x0000000085c00000, 0x0000000085d00000|  0%| F|  |TAMS 0x0000000085c00000, 0x0000000085c00000| Untracked 
|  67|0x0000000085d00000, 0x0000000085d00000, 0x0000000085e00000|  0%| F|  |TAMS 0x0000000085d00000, 0x0000000085d00000| Untracked 
|  68|0x0000000085e00000, 0x0000000085e00000, 0x0000000085f00000|  0%| F|  |TAMS 0x0000000085e00000, 0x0000000085e00000| Untracked 
|  69|0x0000000085f00000, 0x0000000085f00000, 0x0000000086000000|  0%| F|  |TAMS 0x0000000085f00000, 0x0000000085f00000| Untracked 
|  70|0x0000000086000000, 0x0000000086000000, 0x0000000086100000|  0%| F|  |TAMS 0x0000000086000000, 0x0000000086000000| Untracked 
|  71|0x0000000086100000, 0x0000000086100000, 0x0000000086200000|  0%| F|  |TAMS 0x0000000086100000, 0x0000000086100000| Untracked 
|  72|0x0000000086200000, 0x0000000086200000, 0x0000000086300000|  0%| F|  |TAMS 0x0000000086200000, 0x0000000086200000| Untracked 
|  73|0x0000000086300000, 0x0000000086300000, 0x0000000086400000|  0%| F|  |TAMS 0x0000000086300000, 0x0000000086300000| Untracked 
|  74|0x0000000086400000, 0x0000000086400000, 0x0000000086500000|  0%| F|  |TAMS 0x0000000086400000, 0x0000000086400000| Untracked 
|  75|0x0000000086500000, 0x0000000086500000, 0x0000000086600000|  0%| F|  |TAMS 0x0000000086500000, 0x0000000086500000| Untracked 
|  76|0x0000000086600000, 0x0000000086600000, 0x0000000086700000|  0%| F|  |TAMS 0x0000000086600000, 0x0000000086600000| Untracked 
|  77|0x0000000086700000, 0x0000000086700000, 0x0000000086800000|  0%| F|  |TAMS 0x0000000086700000, 0x0000000086700000| Untracked 
|  78|0x0000000086800000, 0x0000000086800000, 0x0000000086900000|  0%| F|  |TAMS 0x0000000086800000, 0x0000000086800000| Untracked 
|  79|0x0000000086900000, 0x0000000086900000, 0x0000000086a00000|  0%| F|  |TAMS 0x0000000086900000, 0x0000000086900000| Untracked 
|  80|0x0000000086a00000, 0x0000000086a00000, 0x0000000086b00000|  0%| F|  |TAMS 0x0000000086a00000, 0x0000000086a00000| Untracked 
|  81|0x0000000086b00000, 0x0000000086b00000, 0x0000000086c00000|  0%| F|  |TAMS 0x0000000086b00000, 0x0000000086b00000| Untracked 
|  82|0x0000000086c00000, 0x0000000086c00000, 0x0000000086d00000|  0%| F|  |TAMS 0x0000000086c00000, 0x0000000086c00000| Untracked 
|  83|0x0000000086d00000, 0x0000000086d00000, 0x0000000086e00000|  0%| F|  |TAMS 0x0000000086d00000, 0x0000000086d00000| Untracked 
|  84|0x0000000086e00000, 0x0000000086e00000, 0x0000000086f00000|  0%| F|  |TAMS 0x0000000086e00000, 0x0000000086e00000| Untracked 
|  85|0x0000000086f00000, 0x0000000086f00000, 0x0000000087000000|  0%| F|  |TAMS 0x0000000086f00000, 0x0000000086f00000| Untracked 
|  86|0x0000000087000000, 0x0000000087000000, 0x0000000087100000|  0%| F|  |TAMS 0x0000000087000000, 0x0000000087000000| Untracked 
|  87|0x0000000087100000, 0x0000000087100000, 0x0000000087200000|  0%| F|  |TAMS 0x0000000087100000, 0x0000000087100000| Untracked 
|  88|0x0000000087200000, 0x0000000087200000, 0x0000000087300000|  0%| F|  |TAMS 0x0000000087200000, 0x0000000087200000| Untracked 
|  89|0x0000000087300000, 0x0000000087300000, 0x0000000087400000|  0%| F|  |TAMS 0x0000000087300000, 0x0000000087300000| Untracked 
|  90|0x0000000087400000, 0x0000000087400000, 0x0000000087500000|  0%| F|  |TAMS 0x0000000087400000, 0x0000000087400000| Untracked 
|  91|0x0000000087500000, 0x0000000087500000, 0x0000000087600000|  0%| F|  |TAMS 0x0000000087500000, 0x0000000087500000| Untracked 
|  92|0x0000000087600000, 0x0000000087600000, 0x0000000087700000|  0%| F|  |TAMS 0x0000000087600000, 0x0000000087600000| Untracked 
|  93|0x0000000087700000, 0x0000000087700000, 0x0000000087800000|  0%| F|  |TAMS 0x0000000087700000, 0x0000000087700000| Untracked 
|  94|0x0000000087800000, 0x0000000087800000, 0x0000000087900000|  0%| F|  |TAMS 0x0000000087800000, 0x0000000087800000| Untracked 
|  95|0x0000000087900000, 0x0000000087900000, 0x0000000087a00000|  0%| F|  |TAMS 0x0000000087900000, 0x0000000087900000| Untracked 
|  96|0x0000000087a00000, 0x0000000087a00000, 0x0000000087b00000|  0%| F|  |TAMS 0x0000000087a00000, 0x0000000087a00000| Untracked 
|  97|0x0000000087b00000, 0x0000000087b00000, 0x0000000087c00000|  0%| F|  |TAMS 0x0000000087b00000, 0x0000000087b00000| Untracked 
|  98|0x0000000087c00000, 0x0000000087c00000, 0x0000000087d00000|  0%| F|  |TAMS 0x0000000087c00000, 0x0000000087c00000| Untracked 
|  99|0x0000000087d00000, 0x0000000087d00000, 0x0000000087e00000|  0%| F|  |TAMS 0x0000000087d00000, 0x0000000087d00000| Untracked 
| 100|0x0000000087e00000, 0x0000000087e00000, 0x0000000087f00000|  0%| F|  |TAMS 0x0000000087e00000, 0x0000000087e00000| Untracked 
| 101|0x0000000087f00000, 0x0000000087f00000, 0x0000000088000000|  0%| F|  |TAMS 0x0000000087f00000, 0x0000000087f00000| Untracked 
| 102|0x0000000088000000, 0x0000000088000000, 0x0000000088100000|  0%| F|  |TAMS 0x0000000088000000, 0x0000000088000000| Untracked 
| 103|0x0000000088100000, 0x0000000088100000, 0x0000000088200000|  0%| F|  |TAMS 0x0000000088100000, 0x0000000088100000| Untracked 
| 104|0x0000000088200000, 0x0000000088200000, 0x0000000088300000|  0%| F|  |TAMS 0x0000000088200000, 0x0000000088200000| Untracked 
| 105|0x0000000088300000, 0x0000000088300000, 0x0000000088400000|  0%| F|  |TAMS 0x0000000088300000, 0x0000000088300000| Untracked 
| 106|0x0000000088400000, 0x0000000088400000, 0x0000000088500000|  0%| F|  |TAMS 0x0000000088400000, 0x0000000088400000| Untracked 
| 107|0x0000000088500000, 0x0000000088500000, 0x0000000088600000|  0%| F|  |TAMS 0x0000000088500000, 0x0000000088500000| Untracked 
| 108|0x0000000088600000, 0x0000000088600000, 0x0000000088700000|  0%| F|  |TAMS 0x0000000088600000, 0x0000000088600000| Untracked 
| 109|0x0000000088700000, 0x0000000088700000, 0x0000000088800000|  0%| F|  |TAMS 0x0000000088700000, 0x0000000088700000| Untracked 
| 110|0x0000000088800000, 0x0000000088800000, 0x0000000088900000|  0%| F|  |TAMS 0x0000000088800000, 0x0000000088800000| Untracked 
| 111|0x0000000088900000, 0x0000000088900000, 0x0000000088a00000|  0%| F|  |TAMS 0x0000000088900000, 0x0000000088900000| Untracked 
| 112|0x0000000088a00000, 0x0000000088a00000, 0x0000000088b00000|  0%| F|  |TAMS 0x0000000088a00000, 0x0000000088a00000| Untracked 
| 113|0x0000000088b00000, 0x0000000088b00000, 0x0000000088c00000|  0%| F|  |TAMS 0x0000000088b00000, 0x0000000088b00000| Untracked 
| 114|0x0000000088c00000, 0x0000000088c00000, 0x0000000088d00000|  0%| F|  |TAMS 0x0000000088c00000, 0x0000000088c00000| Untracked 
| 115|0x0000000088d00000, 0x0000000088d00000, 0x0000000088e00000|  0%| F|  |TAMS 0x0000000088d00000, 0x0000000088d00000| Untracked 
| 116|0x0000000088e00000, 0x0000000088e00000, 0x0000000088f00000|  0%| F|  |TAMS 0x0000000088e00000, 0x0000000088e00000| Untracked 
| 117|0x0000000088f00000, 0x0000000088f00000, 0x0000000089000000|  0%| F|  |TAMS 0x0000000088f00000, 0x0000000088f00000| Untracked 
| 118|0x0000000089000000, 0x0000000089000000, 0x0000000089100000|  0%| F|  |TAMS 0x0000000089000000, 0x0000000089000000| Untracked 
| 119|0x0000000089100000, 0x0000000089100000, 0x0000000089200000|  0%| F|  |TAMS 0x0000000089100000, 0x0000000089100000| Untracked 
| 120|0x0000000089200000, 0x0000000089200000, 0x0000000089300000|  0%| F|  |TAMS 0x0000000089200000, 0x0000000089200000| Untracked 
| 121|0x0000000089300000, 0x00000000893bd230, 0x0000000089400000| 73%| S|CS|TAMS 0x0000000089300000, 0x0000000089300000| Complete 
| 122|0x0000000089400000, 0x0000000089500000, 0x0000000089500000|100%| S|CS|TAMS 0x0000000089400000, 0x0000000089400000| Complete 
| 123|0x0000000089500000, 0x0000000089500000, 0x0000000089600000|  0%| F|  |TAMS 0x0000000089500000, 0x0000000089500000| Untracked 
| 124|0x0000000089600000, 0x0000000089600000, 0x0000000089700000|  0%| F|  |TAMS 0x0000000089600000, 0x0000000089600000| Untracked 
| 125|0x0000000089700000, 0x0000000089700000, 0x0000000089800000|  0%| F|  |TAMS 0x0000000089700000, 0x0000000089700000| Untracked 
| 126|0x0000000089800000, 0x0000000089800000, 0x0000000089900000|  0%| F|  |TAMS 0x0000000089800000, 0x0000000089800000| Untracked 
| 127|0x0000000089900000, 0x0000000089900000, 0x0000000089a00000|  0%| F|  |TAMS 0x0000000089900000, 0x0000000089900000| Untracked 

Card table byte_map: [0x000001dd60370000,0x000001dd60770000] _byte_map_base: 0x000001dd5ff63000

Marking Bits (Prev, Next): (CMBitMap*) 0x000001dd4b550380, (CMBitMap*) 0x000001dd4b550348
 Prev Bits: [0x000001dd62b10000, 0x000001dd64aa8000)
 Next Bits: [0x000001dd60b70000, 0x000001dd62b08000)

Polling page: 0x000001dd4b330000

Metaspace:

Usage:
  Non-class:      7.20 MB capacity,     7.07 MB ( 98%) used,   124.88 KB (  2%) free+waste,     6.19 KB ( <1%) overhead. 
      Class:    775.00 KB capacity,   730.19 KB ( 94%) used,    42.19 KB (  5%) free+waste,     2.63 KB ( <1%) overhead. 
       Both:      7.96 MB capacity,     7.79 MB ( 98%) used,   167.07 KB (  2%) free+waste,     8.81 KB ( <1%) overhead. 

Virtual space:
  Non-class space:       30.00 MB reserved,       7.25 MB ( 24%) committed 
      Class space:        1.00 GB reserved,     896.00 KB ( <1%) committed 
             Both:        1.03 GB reserved,       8.13 MB ( <1%) committed 

Chunk freelists:
   Non-Class:  50.00 KB
       Class:  25.00 KB
        Both:  75.00 KB

MaxMetaspaceSize: 17179869184.00 GB
CompressedClassSpaceSize: 1.00 GB

CodeHeap 'non-profiled nmethods': size=120064Kb used=89Kb max_used=89Kb free=119974Kb
 bounds [0x000001dd58410000, 0x000001dd58680000, 0x000001dd5f950000]
CodeHeap 'profiled nmethods': size=120000Kb used=564Kb max_used=564Kb free=119435Kb
 bounds [0x000001dd50ee0000, 0x000001dd51150000, 0x000001dd58410000]
CodeHeap 'non-nmethods': size=5696Kb used=1069Kb max_used=1076Kb free=4626Kb
 bounds [0x000001dd50950000, 0x000001dd50bc0000, 0x000001dd50ee0000]
 total_blobs=746 nmethods=377 adapters=281
 compilation: enabled
              stopped_count=0, restarted_count=0
 full_count=0

Compilation events (20 events):
Event: 0.434 Thread 0x000001dd679b6000  368       3       java.lang.invoke.MethodType::parameterSlotCount (8 bytes)
Event: 0.434 Thread 0x000001dd679b6000 nmethod 368 0x000001dd50f6a910 code [0x000001dd50f6aac0, 0x000001dd50f6acb8]
Event: 0.434 Thread 0x000001dd679b6000  369       3       java.lang.invoke.MethodTypeForm::parameterSlotCount (9 bytes)
Event: 0.434 Thread 0x000001dd679b6000 nmethod 369 0x000001dd50f6ad90 code [0x000001dd50f6af40, 0x000001dd50f6b0b8]
Event: 0.436 Thread 0x000001dd679b6000  370       1       java.util.ArrayList::size (5 bytes)
Event: 0.436 Thread 0x000001dd679b6000 nmethod 370 0x000001dd58425f10 code [0x000001dd584260c0, 0x000001dd58426178]
Event: 0.436 Thread 0x000001dd679b6000  371       3       java.lang.String::charAt (25 bytes)
Event: 0.437 Thread 0x000001dd679b6000 nmethod 371 0x000001dd50f6b190 code [0x000001dd50f6b3a0, 0x000001dd50f6b8b8]
Event: 0.437 Thread 0x000001dd679b6000  372       3       java.lang.String::startsWith (7 bytes)
Event: 0.437 Thread 0x000001dd679b6000 nmethod 372 0x000001dd50f6bb10 code [0x000001dd50f6bcc0, 0x000001dd50f6be08]
Event: 0.438 Thread 0x000001dd679b6000  373       1       java.net.URL::getProtocol (5 bytes)
Event: 0.438 Thread 0x000001dd679b6000 nmethod 373 0x000001dd58426210 code [0x000001dd584263c0, 0x000001dd58426478]
Event: 0.438 Thread 0x000001dd679b6000  374       3       java.util.zip.ZipFile$Source::getEntryHash (7 bytes)
Event: 0.438 Thread 0x000001dd679b6000 nmethod 374 0x000001dd50f6be90 code [0x000001dd50f6c040, 0x000001dd50f6c178]
Event: 0.440 Thread 0x000001dd679b6000  375       3       java.nio.Buffer::limit (65 bytes)
Event: 0.440 Thread 0x000001dd679b6000 nmethod 375 0x000001dd50f6c290 code [0x000001dd50f6c460, 0x000001dd50f6c708]
Event: 0.440 Thread 0x000001dd679b6000  376       3       java.nio.ByteBuffer::arrayOffset (35 bytes)
Event: 0.440 Thread 0x000001dd679b6000 nmethod 376 0x000001dd50f6c810 code [0x000001dd50f6c9e0, 0x000001dd50f6cc58]
Event: 0.440 Thread 0x000001dd679b6000  377       3       java.nio.CharBuffer::arrayOffset (35 bytes)
Event: 0.440 Thread 0x000001dd679b6000 nmethod 377 0x000001dd50f6cd90 code [0x000001dd50f6cf60, 0x000001dd50f6d1d8]

GC Heap History (4 events):
Event: 0.278 GC heap before
{Heap before GC invocations=0 (full 0):
 garbage-first heap   total 131072K, used 1024K [0x0000000081a00000, 0x0000000100000000)
  region size 1024K, 2 young (2048K), 0 survivors (0K)
 Metaspace       used 6097K, capacity 6195K, committed 6272K, reserved 1062912K
  class space    used 535K, capacity 573K, committed 640K, reserved 1048576K
}
Event: 0.338 GC heap after
{Heap after GC invocations=1 (full 0):
 garbage-first heap   total 131072K, used 946K [0x0000000081a00000, 0x0000000100000000)
  region size 1024K, 1 young (1024K), 1 survivors (1024K)
 Metaspace       used 6097K, capacity 6195K, committed 6272K, reserved 1062912K
  class space    used 535K, capacity 573K, committed 640K, reserved 1048576K
}
Event: 0.443 GC heap before
{Heap before GC invocations=2 (full 0):
 garbage-first heap   total 131072K, used 2994K [0x0000000081a00000, 0x0000000100000000)
  region size 1024K, 5 young (5120K), 1 survivors (1024K)
 Metaspace       used 7973K, capacity 8149K, committed 8320K, reserved 1077248K
  class space    used 730K, capacity 775K, committed 896K, reserved 1048576K
}
Event: 0.446 GC heap after
{Heap after GC invocations=3 (full 0):
 garbage-first heap   total 131072K, used 1780K [0x0000000081a00000, 0x0000000100000000)
  region size 1024K, 2 young (2048K), 2 survivors (2048K)
 Metaspace       used 7973K, capacity 8149K, committed 8320K, reserved 1077248K
  class space    used 730K, capacity 775K, committed 896K, reserved 1048576K
}

Deoptimization events (8 events):
Event: 0.152 Thread 0x000001dd4b510000 Uncommon trap: trap_request=0xffffff4d fr.pc=0x000001dd5841417c relative=0x00000000000001dc
Event: 0.152 Thread 0x000001dd4b510000 Uncommon trap: reason=unstable_if action=reinterpret pc=0x000001dd5841417c method=java.lang.String.hashCode()I @ 14 c2
Event: 0.152 Thread 0x000001dd4b510000 DEOPT PACKING pc=0x000001dd5841417c sp=0x000000d58f0fda30
Event: 0.152 Thread 0x000001dd4b510000 DEOPT UNPACKING pc=0x000001dd509778af sp=0x000000d58f0fd9c8 mode 2
Event: 0.434 Thread 0x000001dd4b510000 Uncommon trap: trap_request=0xffffff4d fr.pc=0x000001dd58414fbc relative=0x000000000000007c
Event: 0.434 Thread 0x000001dd4b510000 Uncommon trap: reason=unstable_if action=reinterpret pc=0x000001dd58414fbc method=java.lang.String.charAt(I)C @ 4 c2
Event: 0.434 Thread 0x000001dd4b510000 DEOPT PACKING pc=0x000001dd58414fbc sp=0x000000d58f0fe580
Event: 0.434 Thread 0x000001dd4b510000 DEOPT UNPACKING pc=0x000001dd509778af sp=0x000000d58f0fe520 mode 2

Classes redefined (0 events):
No events

Internal exceptions (0 events):
No events

Events (20 events):
Event: 0.441 loading class java/net/InetAddress done
Event: 0.441 loading class java/net/InetAddress$1
Event: 0.441 loading class java/net/InetAddress$1 done
Event: 0.441 loading class java/net/InetAddress$2
Event: 0.441 loading class jdk/internal/misc/JavaNetInetAddressAccess
Event: 0.441 loading class jdk/internal/misc/JavaNetInetAddressAccess done
Event: 0.441 loading class java/net/InetAddress$2 done
Event: 0.441 loading class java/net/InetAddress$InetAddressHolder
Event: 0.441 loading class java/net/InetAddress$InetAddressHolder done
Event: 0.441 loading class java/util/concurrent/ConcurrentSkipListSet
Event: 0.441 loading class java/util/NavigableSet
Event: 0.441 loading class java/util/SortedSet
Event: 0.442 loading class java/util/SortedSet done
Event: 0.442 loading class java/util/NavigableSet done
Event: 0.442 loading class java/util/concurrent/ConcurrentSkipListSet done
Event: 0.442 loading class java/util/concurrent/ConcurrentSkipListMap
Event: 0.442 loading class java/util/concurrent/ConcurrentNavigableMap
Event: 0.442 loading class java/util/concurrent/ConcurrentNavigableMap done
Event: 0.442 loading class java/util/concurrent/ConcurrentSkipListMap done
Event: 0.443 Executing VM operation: CollectForMetadataAllocation


Dynamic libraries:
0x00007ff62cfc0000 - 0x00007ff62cfca000 	E:\Program Files\JetBrains\IntelliJ IDEA 2021.1.1\jbr\bin\java.exe
0x00007ffc34020000 - 0x00007ffc34210000 	C:\WINDOWS\SYSTEM32\ntdll.dll
0x00007ffc339b0000 - 0x00007ffc33a62000 	C:\WINDOWS\System32\KERNEL32.DLL
0x00007ffc31480000 - 0x00007ffc31725000 	C:\WINDOWS\System32\KERNELBASE.dll
0x00007ffc31180000 - 0x00007ffc3127a000 	C:\WINDOWS\System32\ucrtbase.dll
0x00007ffc1f9d0000 - 0x00007ffc1f9e9000 	E:\Program Files\JetBrains\IntelliJ IDEA 2021.1.1\jbr\bin\jli.dll
0x00007ffc1dec0000 - 0x00007ffc1ded7000 	E:\Program Files\JetBrains\IntelliJ IDEA 2021.1.1\jbr\bin\VCRUNTIME140.dll
0x00007ffc33660000 - 0x00007ffc337f4000 	C:\WINDOWS\System32\USER32.dll
0x00007ffc318c0000 - 0x00007ffc318e1000 	C:\WINDOWS\System32\win32u.dll
0x00007ffc32cb0000 - 0x00007ffc32cd6000 	C:\WINDOWS\System32\GDI32.dll
0x00007ffc195c0000 - 0x00007ffc19844000 	C:\WINDOWS\WinSxS\amd64_microsoft.windows.common-controls_6595b64144ccf1df_6.0.18362.1556_none_9e7e372fe45e41d5\COMCTL32.dll
0x00007ffc33f40000 - 0x00007ffc33fde000 	C:\WINDOWS\System32\msvcrt.dll
0x00007ffc30fe0000 - 0x00007ffc31178000 	C:\WINDOWS\System32\gdi32full.dll
0x00007ffc313e0000 - 0x00007ffc3147e000 	C:\WINDOWS\System32\msvcp_win.dll
0x00007ffc33bf0000 - 0x00007ffc33f26000 	C:\WINDOWS\System32\combase.dll
0x00007ffc33890000 - 0x00007ffc339af000 	C:\WINDOWS\System32\RPCRT4.dll
0x00007ffc31800000 - 0x00007ffc31881000 	C:\WINDOWS\System32\bcryptPrimitives.dll
0x00007ffc33800000 - 0x00007ffc3382e000 	C:\WINDOWS\System32\IMM32.DLL
0x00007ffbedd10000 - 0x00007ffbeddad000 	E:\Program Files\JetBrains\IntelliJ IDEA 2021.1.1\jbr\bin\msvcp140.dll
0x00007ffbde180000 - 0x00007ffbdeccf000 	E:\Program Files\JetBrains\IntelliJ IDEA 2021.1.1\jbr\bin\server\jvm.dll
0x00007ffc32920000 - 0x00007ffc329c3000 	C:\WINDOWS\System32\ADVAPI32.dll
0x00007ffc33a70000 - 0x00007ffc33b07000 	C:\WINDOWS\System32\sechost.dll
0x00007ffc33f30000 - 0x00007ffc33f38000 	C:\WINDOWS\System32\PSAPI.DLL
0x00007ffc15eb0000 - 0x00007ffc15eb9000 	C:\WINDOWS\SYSTEM32\WSOCK32.dll
0x00007ffc2eba0000 - 0x00007ffc2ebc4000 	C:\WINDOWS\SYSTEM32\WINMM.dll
0x00007ffc259f0000 - 0x00007ffc259fa000 	C:\WINDOWS\SYSTEM32\VERSION.dll
0x00007ffc33b10000 - 0x00007ffc33b7f000 	C:\WINDOWS\System32\WS2_32.dll
0x00007ffc2e7b0000 - 0x00007ffc2e7dd000 	C:\WINDOWS\SYSTEM32\winmmbase.dll
0x00007ffc30f90000 - 0x00007ffc30fda000 	C:\WINDOWS\System32\cfgmgr32.dll
0x00007ffc30ee0000 - 0x00007ffc30ef1000 	C:\WINDOWS\System32\kernel.appcore.dll
0x00007ffc27f40000 - 0x00007ffc27f51000 	E:\Program Files\JetBrains\IntelliJ IDEA 2021.1.1\jbr\bin\verify.dll
0x00007ffc2f8a0000 - 0x00007ffc2fa94000 	C:\WINDOWS\SYSTEM32\DBGHELP.DLL
0x00007ffc20d10000 - 0x00007ffc20d3a000 	C:\WINDOWS\SYSTEM32\dbgcore.DLL
0x00007ffc17ca0000 - 0x00007ffc17cc9000 	E:\Program Files\JetBrains\IntelliJ IDEA 2021.1.1\jbr\bin\java.dll
0x00007ffc27f30000 - 0x00007ffc27f3b000 	E:\Program Files\JetBrains\IntelliJ IDEA 2021.1.1\jbr\bin\jimage.dll
0x00007ffc108e0000 - 0x00007ffc108f8000 	E:\Program Files\JetBrains\IntelliJ IDEA 2021.1.1\jbr\bin\zip.dll
0x00007ffc32ce0000 - 0x00007ffc333c7000 	C:\WINDOWS\System32\SHELL32.dll
0x00007ffc329d0000 - 0x00007ffc32a78000 	C:\WINDOWS\System32\shcore.dll
0x00007ffc31950000 - 0x00007ffc320cb000 	C:\WINDOWS\System32\windows.storage.dll
0x00007ffc30f20000 - 0x00007ffc30f3e000 	C:\WINDOWS\System32\profapi.dll
0x00007ffc30f40000 - 0x00007ffc30f8a000 	C:\WINDOWS\System32\powrprof.dll
0x00007ffc30ed0000 - 0x00007ffc30ee0000 	C:\WINDOWS\System32\UMPDC.dll
0x00007ffc33580000 - 0x00007ffc335d2000 	C:\WINDOWS\System32\shlwapi.dll
0x00007ffc31730000 - 0x00007ffc31747000 	C:\WINDOWS\System32\cryptsp.dll
0x00007ffc0fbe0000 - 0x00007ffc0fbfa000 	E:\Program Files\JetBrains\IntelliJ IDEA 2021.1.1\jbr\bin\net.dll
0x00007ffc297c0000 - 0x00007ffc298ba000 	C:\WINDOWS\SYSTEM32\WINHTTP.dll
0x00007ffc30710000 - 0x00007ffc30777000 	C:\WINDOWS\system32\mswsock.dll
0x00007ffc0f490000 - 0x00007ffc0f4a4000 	E:\Program Files\JetBrains\IntelliJ IDEA 2021.1.1\jbr\bin\nio.dll

dbghelp: loaded successfully - version: 4.0.5 - missing functions: none
symbol engine: initialized successfully - sym options: 0x614 - pdb path: .;E:\Program Files\JetBrains\IntelliJ IDEA 2021.1.1\jbr\bin;C:\WINDOWS\SYSTEM32;C:\WINDOWS\WinSxS\amd64_microsoft.windows.common-controls_6595b64144ccf1df_6.0.18362.1556_none_9e7e372fe45e41d5;E:\Program Files\JetBrains\IntelliJ IDEA 2021.1.1\jbr\bin\server

VM Arguments:
java_command: org.jetbrains.git4idea.http.GitAskPassApp Username for 'https://github.com': 
java_class_path (initial): E:/Program Files/JetBrains/IntelliJ IDEA 2021.1.1/plugins/git4idea/lib/git4idea-rt.jar;E:/Program Files/JetBrains/IntelliJ IDEA 2021.1.1/lib/xmlrpc-2.0.1.jar;E:/Program Files/JetBrains/IntelliJ IDEA 2021.1.1/lib/commons-codec-1.15.jar
Launcher Type: SUN_STANDARD

[Global flags]
     intx CICompilerCount                          = 3                                         {product} {ergonomic}
     uint ConcGCThreads                            = 1                                         {product} {ergonomic}
     uint G1ConcRefinementThreads                  = 4                                         {product} {ergonomic}
   size_t G1HeapRegionSize                         = 1048576                                   {product} {ergonomic}
    uintx GCDrainStackTargetSize                   = 64                                        {product} {ergonomic}
   size_t InitialHeapSize                          = 134217728                                 {product} {ergonomic}
   size_t MarkStackSize                            = 4194304                                   {product} {ergonomic}
   size_t MaxHeapSize                              = 2120220672                                {product} {ergonomic}
   size_t MaxNewSize                               = 1271922688                                {product} {ergonomic}
   size_t MinHeapDeltaBytes                        = 1048576                                   {product} {ergonomic}
    uintx NonNMethodCodeHeapSize                   = 5830732                                {pd product} {ergonomic}
    uintx NonProfiledCodeHeapSize                  = 122913754                              {pd product} {ergonomic}
    uintx ProfiledCodeHeapSize                     = 122913754                              {pd product} {ergonomic}
    uintx ReservedCodeCacheSize                    = 251658240                              {pd product} {ergonomic}
     bool SegmentedCodeCache                       = true                                      {product} {ergonomic}
     bool UseCompressedClassPointers               = true                                 {lp64_product} {ergonomic}
     bool UseCompressedOops                        = true                                 {lp64_product} {ergonomic}
     bool UseG1GC                                  = true                                      {product} {ergonomic}
     bool UseLargePagesIndividualAllocation        = false                                  {pd product} {ergonomic}

Logging:
Log output configuration:
 #0: stdout all=warning uptime,level,tags
 #1: stderr all=off uptime,level,tags

Environment Variables:
JAVA_HOME=E:\Program Files\Java\jdk1.8.0_152
JRE_HOME=E:\Program Files\Java\jre1.8.0_251
CLASSPATH=.;E:\Program Files\Java\jdk1.8.0_152\lib\dt.jar;E:\Program Files\Java\jdk1.8.0_152\lib\tools.jar; 
PATH=D:\Git\Git\mingw64\libexec\git-core;D:\Git\Git\mingw64\libexec\git-core;D:\Git\Git\mingw64\libexec\git-core;D:\Git\Git\mingw64\bin;D:\Git\Git\usr\bin;C:\Users\AK\bin;C:\Program Files (x86)\Common Files\Intel\Shared Libraries\redist\intel64\compiler;C:\Program Files (x86)\Common Files\Oracle\Java\javapath;C:\ProgramData\Oracle\Java\javapath;C:\Program Files (x86)\Common Files\Oracle\Java\javapat;C:\Program Files\Java\jdk1.8.0_131\bin";C:\Program Files (x86)\Intel\iCLS Client;C:\Program Files\Intel\iCLS Client;C:\Windows\system32;C:\Windows;C:\Windows\System32\Wbem;C:\Windows\System32\WindowsPowerShell\v1.0;C:\Program Files (x86)\Intel\Intel(R) Management Engine Components\DAL;C:\Program Files\Intel\Intel(R) Management Engine Components\DAL;C:\Program Files (x86)\Intel\Intel(R) Management Engine Components\IPT;C:\Program Files\Intel\Intel(R) Management Engine Components\IPT;C:\WINDOWS\system32;C:\WINDOWS;C:\WINDOWS\System32\Wbem;C:\WINDOWS\System32\WindowsPowerShell\v1.0;C:\WINDOWS\System32\OpenSSH;.;.;C:\Program Files\Java\jdk1.8.0_131\lib\dt.jar;C:\Program Files\Java\jdk1.8.0_131\lib\tools.jar; ;C:\Program Files (x86)\NVIDIA Corporation\PhysX\Common";E:\Program Files\MySQL\MySQL Server 8.0\bin;C:\Program Files (x86)\VisualSVN Server\bin;E:\Program Files\TortoiseSVN\bin;D:\Git\Git\cmd;D:\tomcat\apache-tomcat-10.0.0-M6\bi;D:\tomcat\apache-tomcat-10.0.0-M6\lib;.;D:\tomcat\apache-tomcat-10.0.0-M6\bin;E:\Program Files\nodejs;D:\maven\apache-maven-3.3.9\bin;%M2_HOME%\bin;C:\Program Files (x86)\NVIDIA Corporation\PhysX\Common;C:\Program Files\NVIDIA Corporation\NVIDIA NvDLISR;E:\WindowsPython\python;C:\Program Files\Java\jre1.8.0_201\bi;C:\Program Files\Java\jdk1.8.0_131";C:\Users\AK\AppData\Local\Microsoft\WindowsApp;E:\Program Files\Java\jdk1.8.0_152\bin;.;C:\Program Files\Java\jdk1.8.0_131\bin;D:\UE;C:\Users\AK\AppData\Local\Microsoft\WindowsApps;E:\Program Files\JetBrains\IntelliJ IDEA 2021.1.1\bin;C:\Users\AK\AppData\Roaming\npm;D:\bat\fyan-master\yan-script;E:\Prog
USERNAME=Ditto
DISPLAY=:0.0
LC_ALL=en_US.UTF-8
OS=Windows_NT
PROCESSOR_IDENTIFIER=Intel64 Family 6 Model 158 Stepping 9, GenuineIntel



---------------  S Y S T E M  ---------------

OS: Windows 10 , 64 bit Build 18362 (10.0.18362.1500)
OS uptime: 0 days 6:20 hours

CPU:total 4 (initial active 4) (4 cores per cpu, 1 threads per core) family 6 model 158 stepping 9 microcode 0xde, cmov, cx8, fxsr, mmx, sse, sse2, sse3, ssse3, sse4.1, sse4.2, popcnt, avx, avx2, aes, clmul, erms, 3dnowpref, lzcnt, tsc, tscinvbit, bmi1, bmi2, adx, fma

Memory: 4k page, system-wide physical 8084M (403M free)
TotalPageFile size 12684M (AvailPageFile size 990M)
current process WorkingSet (physical memory assigned to process): 47M, peak: 47M
current process commit charge ("private bytes"): 201M, peak: 202M

vm_info: Dynamic Code Evolution 64-Bit Server VM (11.0.10+9-b1341.41) for windows-amd64 JRE (11.0.10+9-b1341.41), built on Apr 17 2021 07:18:15 by "" with MS VC++ 14.0 (VS2015)

END.
