#
# There is insufficient memory for the Java Runtime Environment to continue.
# Native memory allocation (mmap) failed to map 134217728 bytes for Failed to commit area from 0x0000000081a00000 to 0x0000000089a00000 of length 134217728.
# Possible reasons:
#   The system is out of physical RAM or swap space
#   The process is running with CompressedOops enabled, and the Java Heap may be blocking the growth of the native heap
# Possible solutions:
#   Reduce memory load on the system
#   Increase physical memory or swap space
#   Check if swap backing store is full
#   Decrease Java heap size (-Xmx/-Xms)
#   Decrease number of Java threads
#   Decrease Java thread stack sizes (-Xss)
#   Set larger code cache with -XX:ReservedCodeCacheSize=
# This output file may be truncated or incomplete.
#
#  Out of Memory Error (./src/hotspot/os/windows/os_windows.cpp:3303), pid=1172, tid=8364
#
# JRE version:  (11.0.8+10) (build )
# Java VM: OpenJDK 64-Bit Server VM (11.0.8+10-b944.6842174, mixed mode, sharing, tiered, compressed oops, g1 gc, windows-amd64)
# No core dump will be written. Minidumps are not enabled by default on client versions of Windows
#

---------------  S U M M A R Y ------------

Command Line: org.jetbrains.git4idea.http.GitAskPassApp Username for 'https://github.com': 

Host: Intel(R) Core(TM) i5-7300HQ CPU @ 2.50GHz, 4 cores, 7G,  Windows 10 , 64 bit Build 18362 (10.0.18362.1500)
Time: Sun May 30 23:14:01 2021 ?D1¨²¡À¨º¡Á?¨º¡À?? elapsed time: 0 seconds (0d 0h 0m 0s)

---------------  T H R E A D  ---------------

Current thread (0x0000011a10120800):  JavaThread "Unknown thread" [_thread_in_vm, id=8364, stack(0x00000004a8300000,0x00000004a8400000)]

Stack: [0x00000004a8300000,0x00000004a8400000]
Native frames: (J=compiled Java code, j=interpreted, Vv=VM code, C=native code)
V  [jvm.dll+0x5de50a]
V  [jvm.dll+0x7122f5]
V  [jvm.dll+0x71384d]
V  [jvm.dll+0x713f03]
V  [jvm.dll+0x23e728]
V  [jvm.dll+0x5db9a4]
V  [jvm.dll+0x5d0ae5]
V  [jvm.dll+0x2fb20b]
V  [jvm.dll+0x2fb17a]
V  [jvm.dll+0x2fb052]
V  [jvm.dll+0x2fff16]
V  [jvm.dll+0x348743]
V  [jvm.dll+0x348e46]
V  [jvm.dll+0x348843]
V  [jvm.dll+0x2d5d68]
V  [jvm.dll+0x2d6f07]
V  [jvm.dll+0x6f11f7]
V  [jvm.dll+0x6f29ec]
V  [jvm.dll+0x355cb9]
V  [jvm.dll+0x6d4ade]
V  [jvm.dll+0x3bdfe3]
V  [jvm.dll+0x3c0201]
C  [jli.dll+0x5373]
C  [ucrtbase.dll+0x210b2]
C  [KERNEL32.DLL+0x17c24]
C  [ntdll.dll+0x6d721]


---------------  P R O C E S S  ---------------

Threads class SMR info:
_java_thread_list=0x0000011a0e012490, length=0, elements={
}

Java Threads: ( => current thread )

Other Threads:
  0x0000011a10138000 GCTaskThread "GC Thread#0" [stack: 0x00000004a8400000,0x00000004a8500000] [id=2424]
  0x0000011a10169000 ConcurrentGCThread "G1 Main Marker" [stack: 0x00000004a8500000,0x00000004a8600000] [id=17244]
  0x0000011a1016b800 ConcurrentGCThread "G1 Conc#0" [stack: 0x00000004a8600000,0x00000004a8700000] [id=10552]

[error occurred during error reporting (printing all threads), id 0xc0000005, EXCEPTION_ACCESS_VIOLATION (0xc0000005) at pc=0x00007ffc21a96357]

VM state:not at safepoint (not fully initialized)

VM Mutex/Monitor currently owned by a thread:  ([mutex/lock_event])
[0x0000011a1011d3b0] Heap_lock - owner thread: 0x0000011a10120800

Heap address: 0x0000000081a00000, size: 2022 MB, Compressed Oops mode: Non-zero based: 0x0000000081a00000
Narrow klass base: 0x0000000000000000, Narrow klass shift: 0

GC Heap History (0 events):
No events

Deoptimization events (0 events):
No events

Classes redefined (0 events):
No events

Internal exceptions (0 events):
No events

Events (1 events):
Event: 0.217 Loaded shared library E:\Program Files\Android\Android Studio\jre\bin\zip.dll


Dynamic libraries:
0x00007ff6d7280000 - 0x00007ff6d728a000 	E:\Program Files\Android\Android Studio\jre\bin\java.exe
0x00007ffc636c0000 - 0x00007ffc638b0000 	C:\WINDOWS\SYSTEM32\ntdll.dll
0x00007ffc625b0000 - 0x00007ffc62662000 	C:\WINDOWS\System32\KERNEL32.DLL
0x00007ffc613e0000 - 0x00007ffc61685000 	C:\WINDOWS\System32\KERNELBASE.dll
0x00007ffc61230000 - 0x00007ffc6132a000 	C:\WINDOWS\System32\ucrtbase.dll
0x00007ffc59780000 - 0x00007ffc59797000 	E:\Program Files\Android\Android Studio\jre\bin\VCRUNTIME140.dll
0x00007ffc4db20000 - 0x00007ffc4db39000 	E:\Program Files\Android\Android Studio\jre\bin\jli.dll
0x00007ffc62670000 - 0x00007ffc62804000 	C:\WINDOWS\System32\USER32.dll
0x00007ffc61170000 - 0x00007ffc61191000 	C:\WINDOWS\System32\win32u.dll
0x00007ffc62ca0000 - 0x00007ffc62cc6000 	C:\WINDOWS\System32\GDI32.dll
0x00007ffc60fd0000 - 0x00007ffc61168000 	C:\WINDOWS\System32\gdi32full.dll
0x00007ffc607b0000 - 0x00007ffc6084e000 	C:\WINDOWS\System32\msvcp_win.dll
0x00007ffc52380000 - 0x00007ffc52604000 	C:\WINDOWS\WinSxS\amd64_microsoft.windows.common-controls_6595b64144ccf1df_6.0.18362.1556_none_9e7e372fe45e41d5\COMCTL32.dll
0x00007ffc62170000 - 0x00007ffc6220e000 	C:\WINDOWS\System32\msvcrt.dll
0x00007ffc62820000 - 0x00007ffc62b56000 	C:\WINDOWS\System32\combase.dll
0x00007ffc62b80000 - 0x00007ffc62c9f000 	C:\WINDOWS\System32\RPCRT4.dll
0x00007ffc611a0000 - 0x00007ffc61221000 	C:\WINDOWS\System32\bcryptPrimitives.dll
0x00007ffc62270000 - 0x00007ffc6229e000 	C:\WINDOWS\System32\IMM32.DLL
0x00007ffc47560000 - 0x00007ffc475fd000 	E:\Program Files\Android\Android Studio\jre\bin\msvcp140.dll
0x00007ffc217b0000 - 0x00007ffc2226c000 	E:\Program Files\Android\Android Studio\jre\bin\server\jvm.dll
0x00007ffc62e10000 - 0x00007ffc62eb3000 	C:\WINDOWS\System32\ADVAPI32.dll
0x00007ffc620d0000 - 0x00007ffc62167000 	C:\WINDOWS\System32\sechost.dll
0x00007ffc61770000 - 0x00007ffc61778000 	C:\WINDOWS\System32\PSAPI.DLL
0x00007ffc43b00000 - 0x00007ffc43b09000 	C:\WINDOWS\SYSTEM32\WSOCK32.dll
0x00007ffc573f0000 - 0x00007ffc573fa000 	C:\WINDOWS\SYSTEM32\VERSION.dll
0x00007ffc623d0000 - 0x00007ffc6243f000 	C:\WINDOWS\System32\WS2_32.dll
0x00007ffc5e1f0000 - 0x00007ffc5e214000 	C:\WINDOWS\SYSTEM32\WINMM.dll
0x00007ffc5dd70000 - 0x00007ffc5dd9d000 	C:\WINDOWS\SYSTEM32\winmmbase.dll
0x00007ffc61390000 - 0x00007ffc613da000 	C:\WINDOWS\System32\cfgmgr32.dll
0x00007ffc60580000 - 0x00007ffc60591000 	C:\WINDOWS\System32\kernel.appcore.dll
0x00007ffc5b060000 - 0x00007ffc5b071000 	E:\Program Files\Android\Android Studio\jre\bin\verify.dll
0x00007ffc5ef40000 - 0x00007ffc5f134000 	C:\WINDOWS\SYSTEM32\DBGHELP.DLL
0x00007ffc4e060000 - 0x00007ffc4e08a000 	C:\WINDOWS\SYSTEM32\dbgcore.DLL
0x00007ffc54c00000 - 0x00007ffc54c29000 	E:\Program Files\Android\Android Studio\jre\bin\java.dll
0x00007ffc5b050000 - 0x00007ffc5b05b000 	E:\Program Files\Android\Android Studio\jre\bin\jimage.dll
0x00007ffc48f30000 - 0x00007ffc48f48000 	E:\Program Files\Android\Android Studio\jre\bin\zip.dll

dbghelp: loaded successfully - version: 4.0.5 - missing functions: none
symbol engine: initialized successfully - sym options: 0x614 - pdb path: .;E:\Program Files\Android\Android Studio\jre\bin;C:\WINDOWS\SYSTEM32;C:\WINDOWS\WinSxS\amd64_microsoft.windows.common-controls_6595b64144ccf1df_6.0.18362.1556_none_9e7e372fe45e41d5;E:\Program Files\Android\Android Studio\jre\bin\server

VM Arguments:
java_command: org.jetbrains.git4idea.http.GitAskPassApp Username for 'https://github.com': 
java_class_path (initial): E:/Program Files/Android/Android Studio/plugins/git4idea/lib/git4idea-rt.jar;E:/Program Files/Android/Android Studio/lib/xmlrpc-2.0.1.jar;E:/Program Files/Android/Android Studio/lib/commons-codec-1.14.jar
Launcher Type: SUN_STANDARD

[Global flags]
     intx CICompilerCount                          = 3                                         {product} {ergonomic}
     uint ConcGCThreads                            = 1                                         {product} {ergonomic}
     uint G1ConcRefinementThreads                  = 4                                         {product} {ergonomic}
   size_t G1HeapRegionSize                         = 1048576                                   {product} {ergonomic}
    uintx GCDrainStackTargetSize                   = 64                                        {product} {ergonomic}
   size_t InitialHeapSize                          = 134217728                                 {product} {ergonomic}
   size_t MarkStackSize                            = 4194304                                   {product} {ergonomic}
   size_t MaxHeapSize                              = 2120220672                                {product} {ergonomic}
   size_t MinHeapDeltaBytes                        = 1048576                                   {product} {ergonomic}
    uintx NonNMethodCodeHeapSize                   = 5830732                                {pd product} {ergonomic}
    uintx NonProfiledCodeHeapSize                  = 122913754                              {pd product} {ergonomic}
    uintx ProfiledCodeHeapSize                     = 122913754                              {pd product} {ergonomic}
    uintx ReservedCodeCacheSize                    = 251658240                              {pd product} {ergonomic}
     bool SegmentedCodeCache                       = true                                      {product} {ergonomic}
     bool UseCompressedClassPointers               = true                                 {lp64_product} {ergonomic}
     bool UseCompressedOops                        = true                                 {lp64_product} {ergonomic}
     bool UseG1GC                                  = true                                      {product} {ergonomic}
     bool UseLargePagesIndividualAllocation        = false                                  {pd product} {ergonomic}

Logging:
Log output configuration:
 #0: stdout all=warning uptime,level,tags
 #1: stderr all=off uptime,level,tags

Environment Variables:
JAVA_HOME=E:\Program Files\Java\jdk1.8.0_152
JRE_HOME=E:\Program Files\Java\jre1.8.0_251
CLASSPATH=.;E:\Program Files\Java\jdk1.8.0_152\lib\dt.jar;E:\Program Files\Java\jdk1.8.0_152\lib\tools.jar; 
PATH=D:\Git\Git\mingw64\libexec\git-core;D:\Git\Git\mingw64\libexec\git-core;D:\Git\Git\mingw64\bin;D:\Git\Git\usr\bin;C:\Users\AK\bin;C:\Program Files (x86)\Common Files\Intel\Shared Libraries\redist\intel64\compiler;C:\Program Files (x86)\Common Files\Oracle\Java\javapath;C:\ProgramData\Oracle\Java\javapath;C:\Program Files (x86)\Common Files\Oracle\Java\javapat;C:\Program Files\Java\jdk1.8.0_131\bin";C:\Program Files (x86)\Intel\iCLS Client;C:\Program Files\Intel\iCLS Client;C:\Windows\system32;C:\Windows;C:\Windows\System32\Wbem;C:\Windows\System32\WindowsPowerShell\v1.0;C:\Program Files (x86)\Intel\Intel(R) Management Engine Components\DAL;C:\Program Files\Intel\Intel(R) Management Engine Components\DAL;C:\Program Files (x86)\Intel\Intel(R) Management Engine Components\IPT;C:\Program Files\Intel\Intel(R) Management Engine Components\IPT;C:\WINDOWS\system32;C:\WINDOWS;C:\WINDOWS\System32\Wbem;C:\WINDOWS\System32\WindowsPowerShell\v1.0;C:\WINDOWS\System32\OpenSSH;.;.;C:\Program Files\Java\jdk1.8.0_131\lib\dt.jar;C:\Program Files\Java\jdk1.8.0_131\lib\tools.jar; ;C:\Program Files (x86)\NVIDIA Corporation\PhysX\Common";E:\Program Files\MySQL\MySQL Server 8.0\bin;C:\Program Files (x86)\VisualSVN Server\bin;E:\Program Files\TortoiseSVN\bin;D:\Git\Git\cmd;D:\tomcat\apache-tomcat-10.0.0-M6\bi;D:\tomcat\apache-tomcat-10.0.0-M6\lib;.;D:\tomcat\apache-tomcat-10.0.0-M6\bin;E:\Program Files\nodejs;D:\maven\apache-maven-3.3.9\bin;%M2_HOME%\bin;C:\Program Files (x86)\NVIDIA Corporation\PhysX\Common;C:\Program Files\NVIDIA Corporation\NVIDIA NvDLISR;E:\WindowsPython\python;C:\Program Files\Java\jre1.8.0_201\bi;C:\Program Files\Java\jdk1.8.0_131";C:\Users\AK\AppData\Local\Microsoft\WindowsApp;E:\Program Files\Java\jdk1.8.0_152\bin;.;C:\Program Files\Java\jdk1.8.0_131\bin;D:\UE;C:\Users\AK\AppData\Local\Microsoft\WindowsApps;E:\Program Files\JetBrains\IntelliJ IDEA 2021.1.1\bin;C:\Users\AK\AppData\Roaming\npm;D:\bat\fyan-master\yan-script;E:\Program Files\JetBrains\PyCharm Communit
USERNAME=Ditto
DISPLAY=:0.0
LC_ALL=en_US.UTF-8
OS=Windows_NT
PROCESSOR_IDENTIFIER=Intel64 Family 6 Model 158 Stepping 9, GenuineIntel



---------------  S Y S T E M  ---------------

OS: Windows 10 , 64 bit Build 18362 (10.0.18362.1500)
OS uptime: 0 days 11:33 hours

CPU:total 4 (initial active 4) (4 cores per cpu, 1 threads per core) family 6 model 158 stepping 9, cmov, cx8, fxsr, mmx, sse, sse2, sse3, ssse3, sse4.1, sse4.2, popcnt, avx, avx2, aes, clmul, erms, 3dnowpref, lzcnt, tsc, tscinvbit, bmi1, bmi2, adx, fma

Memory: 4k page, system-wide physical 8084M (1028M free)
TotalPageFile size 12684M (AvailPageFile size 40M)
current process WorkingSet (physical memory assigned to process): 10M, peak: 10M
current process commit charge ("private bytes"): 51M, peak: 179M

vm_info: OpenJDK 64-Bit Server VM (11.0.8+10-b944.6842174) for windows-amd64 JRE (11.0.8+10-b944.6842174), built on Sep 19 2020 01:11:42 by "builder" with MS VC++ 14.0 (VS2015)

END.
